<?xml version="1.0" encoding="UTF-8"?>
<!-- Generated by org.testng.reporters.JUnitXMLReporter -->
<testsuite ignored="0" hostname="LAPTOP-4265JSAQ" failures="0" tests="5" name="JSONPLACE HOLDER Service Test Cases" time="4.619" errors="0" timestamp="2021-08-13T17:08:30 CEST">
  <testcase classname="com.practicetest.apiTestAutomation.tests.TestIntegration" name="verifyEmailformatInComments" time="3.058"/>
  <testcase classname="com.practicetest.apiTestAutomation.tests.TestGETPosts" name="verifyNoPostsAvailableForInvalidUser" time="0.113"/>
  <testcase classname="com.practicetest.apiTestAutomation.tests.TestGETPosts" name="verifyNotFoundStatusForInvalidEndpointForPostsService" time="0.099"/>
  <testcase classname="com.practicetest.apiTestAutomation.tests.TestGETComments" name="verifyNoCommentsAvailableForInvalidPostID" time="0.097"/>
  <testcase classname="com.practicetest.apiTestAutomation.tests.TestGETComments" name="verifyNotFoundStatusForInvalidEndpointForCommentsService" time="0.097"/>
</testsuite> <!-- JSONPLACE HOLDER Service Test Cases -->
