<?xml version="1.0" encoding="UTF-8"?>
<!-- Generated by org.testng.reporters.JUnitXMLReporter -->
<testsuite ignored="0" hostname="LAPTOP-4265JSAQ" failures="0" tests="5" name="JSONPLACE HOLDER Service Test Cases" time="4.659" errors="0" timestamp="2021-08-13T09:25:17 CEST">
  <testcase classname="com.practicetest.apiTestAutomation.tests.TestIntegration" name="verifyEmailformatInComments" time="2.829"/>
  <testcase classname="com.practicetest.apiTestAutomation.tests.TestGETPosts" name="verifyNoPostsAvailableForInvalidUser" time="0.077"/>
  <testcase classname="com.practicetest.apiTestAutomation.tests.TestGETPosts" name="verifyNotFoundStatusForInvalidEndpointForPostsService" time="0.05"/>
  <testcase classname="com.practicetest.apiTestAutomation.tests.TestGETComments" name="verifyNoCommentsAvailableForInvalidPostID" time="0.063"/>
  <testcase classname="com.practicetest.apiTestAutomation.tests.TestGETComments" name="verifyNotFoundStatusForInvalidEndpointForCommentsService" time="0.07"/>
</testsuite> <!-- JSONPLACE HOLDER Service Test Cases -->
