<?xml version="1.0" encoding="UTF-8"?>
<!-- Generated by org.testng.reporters.JUnitXMLReporter -->
<testsuite ignored="0" hostname="LAPTOP-4265JSAQ" failures="0" tests="2" name="Default test" time="4.528" errors="0" timestamp="2021-08-13T03:31:25 CEST">
  <testcase classname="com.practicetest.apiTestAutomation.tests.TestGETPosts" name="verifyNoPostsAvailableForInvalidUser" time="2.735"/>
  <testcase classname="com.practicetest.apiTestAutomation.tests.TestGETPosts" name="verifyNotFoundStatusForInvalidEndpointForPostsService" time="0.114"/>
</testsuite> <!-- Default test -->
